<?xml version="1.0" encoding="UTF-8"?>
<testsuite name="com.uservalidation.userValidationTest" tests="6" skipped="0" failures="0" errors="0" timestamp="2020-09-30T12:12:54" hostname="DESKTOP-G28VQJM" time="0.005">
  <properties/>
  <testcase name="givenLastName_When_ProperShouldReturnTrue" classname="com.uservalidation.userValidationTest" time="0.002"/>
  <testcase name="givenFirstName_When_Short_ShouldReturnFalse" classname="com.uservalidation.userValidationTest" time="0.0"/>
  <testcase name="givenLastName_have_special_Character_ShouldReturnFalse" classname="com.uservalidation.userValidationTest" time="0.0"/>
  <testcase name="givenFirstName_When_ProperShouldReturnTrue" classname="com.uservalidation.userValidationTest" time="0.0"/>
  <testcase name="givenFirstName_have_special_Character_ShouldReturnFalse" classname="com.uservalidation.userValidationTest" time="0.0"/>
  <testcase name="givenLastName_When_Short_ShouldReturnFalse" classname="com.uservalidation.userValidationTest" time="0.001"/>
  <system-out><![CDATA[Welcome to User Validation Program
]]></system-out>
  <system-err><![CDATA[]]></system-err>
</testsuite>
