<?xml version="1.0" encoding="UTF-8"?>
<testsuite name="com.uservalidation.userValidationTest" tests="1" skipped="0" failures="0" errors="0" timestamp="2020-09-30T14:05:29" hostname="DESKTOP-G28VQJM" time="0.001">
  <properties/>
  <testcase name="givenFirstName_When_ProperShouldReturnTrue" classname="com.uservalidation.userValidationTest" time="0.001"/>
  <system-out><![CDATA[Welcome to User Validation Program
]]></system-out>
  <system-err><![CDATA[]]></system-err>
</testsuite>
